2026-02-12 16:02:46 [INFO] LL_libs.LL_init_lib: Logging started. Log saved to: /home/noamse/matlab/NoamFun/+ml/python/LL_run_WIS-2.log
2026-02-12 16:02:46 [INFO] LL_libs.LL_init_lib: Command line input: /home/noamse/matlab/NoamFun/+ml/python/replot_WIS_res_bins_opt.py --event_num 180069 --field 18 --EventInd 221 --exp_root /data4/KMT/data/Experiments/ogleABelt --out_dir /home/noamse/astro/KMT_ML/data/KMTNet/Experiments/ogleABelt/plots_summary/kmt180069_18 --ogle_root /home/noamse/KMT/OGLELC --bin_days 5 --use_ogle
2026-02-12 16:02:46 [INFO] LL_libs.LL_init_lib: 
[NEW BLOCK] # ----- Check initial values ----- #
2026-02-12 16:02:46 [INFO] LL_libs.LL_init_lib: Positional arguments:
2026-02-12 16:02:46 [INFO] LL_libs.LL_init_lib:    label = WIS-2
2026-02-12 16:02:46 [INFO] LL_libs.LL_init_lib:    ra = 266.58465
2026-02-12 16:02:46 [INFO] LL_libs.LL_init_lib:    dec = -26.14862
2026-02-12 16:02:46 [INFO] LL_libs.LL_init_lib: Options:
2026-02-12 16:02:46 [INFO] LL_libs.LL_init_lib:    niter = 500
2026-02-12 16:02:46 [INFO] LL_libs.LL_init_lib:    nwalkers = 40
2026-02-12 16:02:46 [INFO] LL_libs.LL_init_lib:    mcmc = 0
2026-02-12 16:02:46 [INFO] LL_libs.LL_init_lib:    gen = None
2026-02-12 16:02:46 [INFO] LL_libs.LL_init_lib:    plx_par = phi
2026-02-12 16:02:46 [INFO] LL_libs.LL_init_lib:    phi_relative = True
2026-02-12 16:02:46 [INFO] LL_libs.LL_init_lib:    rescale = True
2026-02-12 16:02:46 [INFO] LL_libs.LL_init_lib:    seed = None
2026-02-12 16:02:46 [INFO] LL_libs.LL_init_lib:    Amodel = PM
2026-02-12 16:02:46 [INFO] LL_libs.LL_init_lib:    Amodel_gen = PM
2026-02-12 16:02:46 [INFO] LL_libs.LL_init_lib:    GOST = None
2026-02-12 16:02:46 [INFO] LL_libs.LL_init_lib:    thetaE = None
2026-02-12 16:02:46 [INFO] LL_libs.LL_init_lib:    phi = None
2026-02-12 16:02:46 [INFO] LL_libs.LL_init_lib:    plot_results = single
2026-02-12 16:02:46 [INFO] LL_libs.LL_init_lib:    aux_phot = /data4/KMT/data/Experiments/ogleABelt/kmt180069_18/params_photo-aux_WIS-1_best.json
2026-02-12 16:02:46 [INFO] LL_libs.LL_init_lib:    fix_phi = 0
2026-02-12 16:02:46 [INFO] LL_libs.LL_init_lib:    params_CL = None
2026-02-12 16:02:46 [INFO] LL_libs.LL_init_lib:    GDR4 = None
2026-02-12 16:02:46 [INFO] LL_libs.LL_init_lib:    astro_file = /data4/KMT/data/Experiments/ogleABelt/kmt180069_18/data_A_221.txt
2026-02-12 16:02:46 [INFO] LL_libs.LL_init_lib:    photo_file = None
2026-02-12 16:02:46 [INFO] LL_libs.LL_init_lib:    useAstro = True
2026-02-12 16:02:46 [INFO] LL_libs.LL_init_lib:    usePhoto = False
2026-02-12 16:02:46 [INFO] LL_libs.LL_init_lib:    out_path = /home/noamse/matlab/NoamFun/+ml/python
2026-02-12 16:02:46 [INFO] LL_libs.LL_init_lib:    lum_blends = none
2026-02-12 16:02:47 [INFO] LL_libs.LL_init_lib: DOF number for current initialization: 10118
2026-02-12 16:02:47 [INFO] LL_libs.LL_init_lib: [FILE SAVED] DOF number saved in /home/noamse/matlab/NoamFun/+ml/python/dof_WIS-2.txt
2026-02-12 16:02:47 [INFO] LL_libs.LL_init_lib: Initialization done
